<?xml version="1.0" encoding="UTF-8"?>
<robot generator="Robot 7.5 (Python 3.14.3 on darwin)" generated="2026-09-24T15:28:57.640987" rpa="false" schemaversion="5">
<suite id="s1" name="Tests" source="/Users/jeremy/Workspace/Formations/formation_ia_robot_framework/tests">
<kw name="Create Petstore Session" owner="common" type="SETUP">
<kw name="Create Session" owner="RequestsLibrary">
<msg time="2026-09-24T15:28:57.710355" level="FAIL">Variable '${BASE_URL}' not found.</msg>
<arg>${SESSION}</arg>
<arg>${BASE_URL}</arg>
<arg>verify=${True}</arg>
<doc>Create Session: create a HTTP session to a server</doc>
<status status="FAIL" start="2026-09-24T15:28:57.710165" elapsed="0.000215">Variable '${BASE_URL}' not found.</status>
</kw>
<doc>Creates the HTTP session reused by every test in the run.</doc>
<status status="FAIL" start="2026-09-24T15:28:57.709908" elapsed="0.000546">Variable '${BASE_URL}' not found.</status>
</kw>
<suite id="s1-s1" name="Pet" source="/Users/jeremy/Workspace/Formations/formation_ia_robot_framework/tests/pet.robot">
<test id="s1-s1-t1" name="Add A New Pet To The Store" line="8">
<doc>A new pet can be added and is returned as created.</doc>
<tag>pet</tag>
<status status="FAIL" start="2026-09-24T15:28:57.710679" elapsed="0.000170">Parent suite setup failed:
Variable '${BASE_URL}' not found.</status>
</test>
<test id="s1-s1-t2" name="Get Pet By Id Returns The Created Pet" line="16">
<doc>A previously created pet can be fetched by its id.</doc>
<tag>pet</tag>
<tag>smoke</tag>
<status status="FAIL" start="2026-09-24T15:28:57.710936" elapsed="0.000155">Parent suite setup failed:
Variable '${BASE_URL}' not found.</status>
</test>
<test id="s1-s1-t3" name="Update An Existing Pet Changes Its Status" line="26">
<doc>Updating a pet persists the new field values.</doc>
<tag>pet</tag>
<status status="FAIL" start="2026-09-24T15:28:57.711164" elapsed="0.000141">Parent suite setup failed:
Variable '${BASE_URL}' not found.</status>
</test>
<test id="s1-s1-t4" name="Find Pets By Status Returns Only Matching Pets" line="36">
<doc>Searching by status only returns pets with that status.</doc>
<tag>pet</tag>
<status status="FAIL" start="2026-09-24T15:28:57.711370" elapsed="0.000143">Parent suite setup failed:
Variable '${BASE_URL}' not found.</status>
</test>
<test id="s1-s1-t5" name="Delete A Pet Removes It From The Store" line="48">
<doc>A deleted pet can no longer be fetched.</doc>
<tag>pet</tag>
<status status="FAIL" start="2026-09-24T15:28:57.711574" elapsed="0.000128">Parent suite setup failed:
Variable '${BASE_URL}' not found.</status>
</test>
<test id="s1-s1-t6" name="Get Pet By Id With Unknown Id Returns Not Found" line="57">
<doc>Fetching a pet that was never created returns a 404.</doc>
<tag>pet</tag>
<status status="FAIL" start="2026-09-24T15:28:57.711763" elapsed="0.000146">Parent suite setup failed:
Variable '${BASE_URL}' not found.</status>
</test>
<doc>Tests covering the /pet endpoints: create, read, update, delete and search.</doc>
<status status="FAIL" start="2026-09-24T15:28:57.710490" elapsed="0.001566">Parent suite setup failed:
Variable '${BASE_URL}' not found.</status>
</suite>
<suite id="s1-s2" name="Store" source="/Users/jeremy/Workspace/Formations/formation_ia_robot_framework/tests/store.robot">
<test id="s1-s2-t1" name="Place An Order For A Pet" line="8">
<doc>A new order can be placed and is returned as created.</doc>
<tag>smoke</tag>
<tag>store</tag>
<status status="FAIL" start="2026-09-24T15:28:57.712389" elapsed="0.000132">Parent suite setup failed:
Variable '${BASE_URL}' not found.</status>
</test>
<test id="s1-s2-t2" name="Get Order By Id Returns The Placed Order" line="19">
<doc>A placed order can be fetched by its id.</doc>
<tag>store</tag>
<status status="FAIL" start="2026-09-24T15:28:57.712584" elapsed="0.000198">Parent suite setup failed:
Variable '${BASE_URL}' not found.</status>
</test>
<test id="s1-s2-t3" name="Delete Order Removes It From The Store" line="29">
<doc>A deleted order can no longer be fetched.</doc>
<tag>store</tag>
<status status="FAIL" start="2026-09-24T15:28:57.712843" elapsed="0.000134">Parent suite setup failed:
Variable '${BASE_URL}' not found.</status>
</test>
<test id="s1-s2-t4" name="Get Order By Id With Unknown Id Returns Not Found" line="40">
<doc>Fetching an order that was never placed returns a 404.</doc>
<tag>store</tag>
<status status="FAIL" start="2026-09-24T15:28:57.713039" elapsed="0.000148">Parent suite setup failed:
Variable '${BASE_URL}' not found.</status>
</test>
<test id="s1-s2-t5" name="Store Inventory Returns Quantities Per Status" line="45">
<doc>The inventory endpoint returns a map of status to quantity.</doc>
<tag>store</tag>
<status status="FAIL" start="2026-09-24T15:28:57.713244" elapsed="0.000147">Parent suite setup failed:
Variable '${BASE_URL}' not found.</status>
</test>
<doc>Tests covering the /store endpoints: orders and inventory.</doc>
<status status="FAIL" start="2026-09-24T15:28:57.712245" elapsed="0.001232">Parent suite setup failed:
Variable '${BASE_URL}' not found.</status>
</suite>
<suite id="s1-s3" name="User" source="/Users/jeremy/Workspace/Formations/formation_ia_robot_framework/tests/user.robot">
<test id="s1-s3-t1" name="Create A New User" line="8">
<doc>A new user can be registered and then looked up by name.</doc>
<tag>smoke</tag>
<tag>user</tag>
<status status="FAIL" start="2026-09-24T15:28:57.713777" elapsed="0.000123">Parent suite setup failed:
Variable '${BASE_URL}' not found.</status>
</test>
<test id="s1-s3-t2" name="Update User Changes Its Profile" line="20">
<doc>Updating a user persists the new field values.</doc>
<tag>user</tag>
<status status="FAIL" start="2026-09-24T15:28:57.713961" elapsed="0.000137">Parent suite setup failed:
Variable '${BASE_URL}' not found.</status>
</test>
<test id="s1-s3-t3" name="Delete User Removes It From The Store" line="31">
<doc>A deleted user can no longer be fetched.</doc>
<tag>user</tag>
<status status="FAIL" start="2026-09-24T15:28:57.714159" elapsed="0.000132">Parent suite setup failed:
Variable '${BASE_URL}' not found.</status>
</test>
<test id="s1-s3-t4" name="Login With Valid Credentials Succeeds" line="41">
<doc>A registered user can log in and receives a session message.</doc>
<tag>user</tag>
<status status="FAIL" start="2026-09-24T15:28:57.714352" elapsed="0.000144">Parent suite setup failed:
Variable '${BASE_URL}' not found.</status>
</test>
<test id="s1-s3-t5" name="Get User By Name With Unknown User Returns Not Found" line="50">
<doc>Fetching a user that was never created returns a 404.</doc>
<tag>user</tag>
<status status="FAIL" start="2026-09-24T15:28:57.714553" elapsed="0.000145">Parent suite setup failed:
Variable '${BASE_URL}' not found.</status>
</test>
<doc>Tests covering the /user endpoints: registration, lookup and login.</doc>
<status status="FAIL" start="2026-09-24T15:28:57.713637" elapsed="0.001143">Parent suite setup failed:
Variable '${BASE_URL}' not found.</status>
</suite>
<kw name="Delete Petstore Session" owner="common" type="TEARDOWN">
<kw name="Delete All Sessions" owner="RequestsLibrary">
<msg time="2026-09-24T15:28:57.715156" level="INFO">Deleting All Sessions</msg>
<doc>Removes all the session objects </doc>
<status status="PASS" start="2026-09-24T15:28:57.715112" elapsed="0.000071"/>
</kw>
<doc>Tears down the HTTP session once the run is finished.</doc>
<status status="PASS" start="2026-09-24T15:28:57.715037" elapsed="0.000171"/>
</kw>
<doc>Petstore API test suite - https://petstore.swagger.io/v2</doc>
<status status="FAIL" start="2026-09-24T15:28:57.641652" elapsed="0.073569">Suite setup failed:
Variable '${BASE_URL}' not found.</status>
</suite>
<statistics>
<total>
<stat pass="0" fail="16" skip="0">All Tests</stat>
</total>
<tag>
<stat pass="0" fail="6" skip="0">pet</stat>
<stat pass="0" fail="3" skip="0">smoke</stat>
<stat pass="0" fail="5" skip="0">store</stat>
<stat pass="0" fail="5" skip="0">user</stat>
</tag>
<suite>
<stat name="Tests" id="s1" pass="0" fail="16" skip="0">Tests</stat>
<stat name="Pet" id="s1-s1" pass="0" fail="6" skip="0">Tests.Pet</stat>
<stat name="Store" id="s1-s2" pass="0" fail="5" skip="0">Tests.Store</stat>
<stat name="User" id="s1-s3" pass="0" fail="5" skip="0">Tests.User</stat>
</suite>
</statistics>
<errors>
</errors>
</robot>
